<?xml version="1.0" encoding="UTF-8"?>
<!-- Generated by org.testng.reporters.JUnitXMLReporter -->
<testsuite hostname="1P0H9F2" ignored="0" name="Default test" tests="3" failures="0" timestamp="19 Dec 2018 11:22:32 GMT" time="48.329" errors="0">
  <testcase name="loginPageTitleTest" time="1.122" classname="com.test.testcases.LoginPageTest"/>
  <testcase name="loginPageLogoTest" time="1.799" classname="com.test.testcases.LoginPageTest"/>
  <testcase name="loginTest" time="9.893" classname="com.test.testcases.LoginPageTest"/>
</testsuite> <!-- Default test -->
