<?xml version="1.0" encoding="UTF-8"?>
<!-- Generated by org.testng.reporters.JUnitXMLReporter -->
<testsuite hostname="1P0H9F2" ignored="0" name="Default test" tests="3" failures="0" timestamp="18 Dec 2018 10:54:39 GMT" time="29.258" errors="0">
  <testcase name="loginPageTitleTest" time="0.023" classname="com.test.testcases.LoginPageTest"/>
  <testcase name="loginPageLogoTest" time="0.053" classname="com.test.testcases.LoginPageTest"/>
  <testcase name="loginTest" time="0.384" classname="com.test.testcases.LoginPageTest"/>
</testsuite> <!-- Default test -->
