<?xml version="1.0" encoding="UTF-8"?>
<testng-results skipped="0" failed="0" ignored="0" total="3" passed="3">
  <reporter-output>
  </reporter-output>
  <suite name="Default suite" duration-ms="78531" started-at="2018-12-19T17:14:49Z" finished-at="2018-12-19T17:16:08Z">
    <groups>
    </groups>
    <test name="Default test" duration-ms="78531" started-at="2018-12-19T17:14:49Z" finished-at="2018-12-19T17:16:08Z">
      <class name="com.test.testcases.HomePageTest">
        <test-method status="PASS" signature="setup()[pri:0, instance:com.test.testcases.HomePageTest@754ba872]" name="setup" is-config="true" duration-ms="23796" started-at="2018-12-19T17:14:49Z" finished-at="2018-12-19T17:15:13Z">
          <reporter-output>
          </reporter-output>
        </test-method> <!-- setup -->
        <test-method status="PASS" signature="homePageTitleTest()[pri:1, instance:com.test.testcases.HomePageTest@754ba872]" name="homePageTitleTest" duration-ms="29" started-at="2018-12-19T17:15:13Z" finished-at="2018-12-19T17:15:13Z">
          <reporter-output>
          </reporter-output>
        </test-method> <!-- homePageTitleTest -->
        <test-method status="PASS" signature="teardown()[pri:0, instance:com.test.testcases.HomePageTest@754ba872]" name="teardown" is-config="true" duration-ms="929" started-at="2018-12-19T17:15:13Z" finished-at="2018-12-19T17:15:14Z">
          <reporter-output>
          </reporter-output>
        </test-method> <!-- teardown -->
        <test-method status="PASS" signature="setup()[pri:0, instance:com.test.testcases.HomePageTest@754ba872]" name="setup" is-config="true" duration-ms="25468" started-at="2018-12-19T17:15:14Z" finished-at="2018-12-19T17:15:39Z">
          <reporter-output>
          </reporter-output>
        </test-method> <!-- setup -->
        <test-method status="PASS" signature="verifyUsernameTest()[pri:2, instance:com.test.testcases.HomePageTest@754ba872]" name="verifyUsernameTest" duration-ms="231" started-at="2018-12-19T17:15:39Z" finished-at="2018-12-19T17:15:39Z">
          <reporter-output>
          </reporter-output>
        </test-method> <!-- verifyUsernameTest -->
        <test-method status="PASS" signature="teardown()[pri:0, instance:com.test.testcases.HomePageTest@754ba872]" name="teardown" is-config="true" duration-ms="757" started-at="2018-12-19T17:15:39Z" finished-at="2018-12-19T17:15:40Z">
          <reporter-output>
          </reporter-output>
        </test-method> <!-- teardown -->
        <test-method status="PASS" signature="setup()[pri:0, instance:com.test.testcases.HomePageTest@754ba872]" name="setup" is-config="true" duration-ms="24529" started-at="2018-12-19T17:15:40Z" finished-at="2018-12-19T17:16:05Z">
          <reporter-output>
          </reporter-output>
        </test-method> <!-- setup -->
        <test-method status="PASS" signature="verifyContactsLinkTest()[pri:3, instance:com.test.testcases.HomePageTest@754ba872]" name="verifyContactsLinkTest" duration-ms="1951" started-at="2018-12-19T17:16:05Z" finished-at="2018-12-19T17:16:07Z">
          <reporter-output>
          </reporter-output>
        </test-method> <!-- verifyContactsLinkTest -->
        <test-method status="PASS" signature="teardown()[pri:0, instance:com.test.testcases.HomePageTest@754ba872]" name="teardown" is-config="true" duration-ms="802" started-at="2018-12-19T17:16:07Z" finished-at="2018-12-19T17:16:08Z">
          <reporter-output>
          </reporter-output>
        </test-method> <!-- teardown -->
      </class> <!-- com.test.testcases.HomePageTest -->
    </test> <!-- Default test -->
  </suite> <!-- Default suite -->
</testng-results>
