<?xml version="1.0" encoding="UTF-8"?>
<testng-results skipped="0" failed="0" ignored="0" total="1" passed="1">
  <reporter-output>
  </reporter-output>
  <suite name="Test Framework Test Suite" duration-ms="18341" started-at="2018-12-21T13:48:12Z" finished-at="2018-12-21T13:48:30Z">
    <groups>
    </groups>
    <test name="Test Framework Test" duration-ms="18341" started-at="2018-12-21T13:48:12Z" finished-at="2018-12-21T13:48:30Z">
      <class name="com.test.testcases.LoginPageTest">
        <test-method status="PASS" signature="setup()[pri:0, instance:com.test.testcases.LoginPageTest@343f4d3d]" name="setup" is-config="true" duration-ms="10725" started-at="2018-12-21T13:48:12Z" finished-at="2018-12-21T13:48:22Z">
          <reporter-output>
          </reporter-output>
        </test-method> <!-- setup -->
        <test-method status="PASS" signature="loginTest()[pri:3, instance:com.test.testcases.LoginPageTest@343f4d3d]" name="loginTest" duration-ms="6912" started-at="2018-12-21T13:48:22Z" finished-at="2018-12-21T13:48:29Z">
          <reporter-output>
          </reporter-output>
        </test-method> <!-- loginTest -->
        <test-method status="PASS" signature="teardown()[pri:0, instance:com.test.testcases.LoginPageTest@343f4d3d]" name="teardown" is-config="true" duration-ms="682" started-at="2018-12-21T13:48:29Z" finished-at="2018-12-21T13:48:30Z">
          <reporter-output>
          </reporter-output>
        </test-method> <!-- teardown -->
      </class> <!-- com.test.testcases.LoginPageTest -->
    </test> <!-- Test Framework Test -->
  </suite> <!-- Test Framework Test Suite -->
</testng-results>
